<?xml version="1.0" encoding="UTF-8"?>
<!-- Generated by org.testng.reporters.JUnitXMLReporter -->
<testsuite ignored="0" hostname="DESKTOP-20A1KAB" failures="0" tests="10" name="Surefire test" time="75.716" errors="0" timestamp="2023-12-01T13:23:01 IST">
  <testcase classname="api.test.DDTests" name="testPostuser" time="8.927"/>
  <testcase classname="api.test.DDTests" name="testPostuser" time="3.748"/>
  <testcase classname="api.test.DDTests" name="testPostuser" time="4.135"/>
  <testcase classname="api.test.DDTests" name="testDeleteUserByName" time="3.996"/>
  <testcase classname="api.test.DDTests" name="testDeleteUserByName" time="3.695"/>
  <testcase classname="api.test.DDTests" name="testDeleteUserByName" time="4.898"/>
  <testcase classname="api.test.UserTests" name="testPostUser" time="4.652"/>
  <testcase classname="api.test.UserTests" name="testGetUserByName" time="4.924"/>
  <testcase classname="api.test.UserTests" name="testUpdateUserByName" time="8.281"/>
  <testcase classname="api.test.UserTests" name="testDeleteUserByName" time="3.077"/>
</testsuite> <!-- Surefire test -->
