<?xml version="1.0" encoding="UTF-8"?>
<!-- Generated by org.testng.reporters.JUnitXMLReporter -->
<testsuite ignored="0" hostname="DESKTOP-20A1KAB" failures="0" tests="6" name="Default test" time="17.913" errors="0" timestamp="2023-12-01T11:14:00 IST">
  <testcase classname="api.test.DDTests" name="testPostuser" time="6.282"/>
  <testcase classname="api.test.DDTests" name="testPostuser" time="1.354"/>
  <testcase classname="api.test.DDTests" name="testPostuser" time="1.21"/>
  <testcase classname="api.test.DDTests" name="testDeleteUserByName" time="1.532"/>
  <testcase classname="api.test.DDTests" name="testDeleteUserByName" time="1.15"/>
  <testcase classname="api.test.DDTests" name="testDeleteUserByName" time="1.218"/>
</testsuite> <!-- Default test -->
