<?xml version="1.0" encoding="UTF-8"?>
<!-- Generated by org.testng.reporters.JUnitXMLReporter -->
<testsuite ignored="0" hostname="DESKTOP-20A1KAB" failures="0" tests="4" name="PetTests" time="33.896" errors="0" timestamp="2023-12-01T16:26:12 IST">
  <testcase classname="api.test.UserTests2" name="testPostUser" time="19.538"/>
  <testcase classname="api.test.UserTests2" name="testGetUserByName" time="1.507"/>
  <testcase classname="api.test.UserTests2" name="testUpdateUserByName" time="2.923"/>
  <testcase classname="api.test.UserTests2" name="testDeleteUserByName" time="1.446"/>
</testsuite> <!-- PetTests -->
